{"numFailedTestSuites":0,"numFailedTests":0,"numPassedTestSuites":7,"numPassedTests":29,"numPendingTestSuites":0,"numPendingTests":0,"numRuntimeErrorTestSuites":0,"numTodoTests":0,"numTotalTestSuites":7,"numTotalTests":29,"openHandles":[],"snapshot":{"added":0,"didUpdate":false,"failure":false,"filesAdded":0,"filesRemoved":0,"filesRemovedList":[],"filesUnmatched":0,"filesUpdated":0,"matched":0,"total":0,"unchecked":0,"uncheckedKeysByFile":[],"unmatched":0,"updated":0},"startTime":1780299448351,"success":true,"testResults":[{"assertionResults":[{"ancestorTitles":[],"duration":10,"failureDetails":[],"failureMessages":[],"fullName":"login → POST /auth/login, enregistre les jetons, puis GET /auth/me","invocations":1,"location":null,"numPassingAsserts":4,"retryReasons":[],"status":"passed","title":"login → POST /auth/login, enregistre les jetons, puis GET /auth/me"},{"ancestorTitles":[],"duration":3,"failureDetails":[],"failureMessages":[],"fullName":"logout efface les secrets même si l’appel réseau échoue","invocations":1,"location":null,"numPassingAsserts":2,"retryReasons":[],"status":"passed","title":"logout efface les secrets même si l’appel réseau échoue"}],"endTime":1780299451704,"message":"","name":"/home/runner/workspace/mobile/src/__tests__/auth.service.test.ts","startTime":1780299448661,"status":"passed","summary":""},{"assertionResults":[{"ancestorTitles":[],"duration":443,"failureDetails":[],"failureMessages":[],"fullName":"la bannière affiche données simulées + open-loop + ne pas modifier le traitement","invocations":1,"location":null,"numPassingAsserts":3,"retryReasons":[],"status":"passed","title":"la bannière affiche données simulées + open-loop + ne pas modifier le traitement"},{"ancestorTitles":[],"duration":5,"failureDetails":[],"failureMessages":[],"fullName":"XAI non fiable → libellé texte explicite + avertissements affichés","invocations":1,"location":null,"numPassingAsserts":3,"retryReasons":[],"status":"passed","title":"XAI non fiable → libellé texte explicite + avertissements affichés"}],"endTime":1780299453040,"message":"","name":"/home/runner/workspace/mobile/src/__tests__/components.test.tsx","startTime":1780299452180,"status":"passed","summary":""},{"assertionResults":[{"ancestorTitles":[],"duration":19,"failureDetails":[],"failureMessages":[],"fullName":"aucune importation d’AsyncStorage dans le code source","invocations":1,"location":null,"numPassingAsserts":1,"retryReasons":[],"status":"passed","title":"aucune importation d’AsyncStorage dans le code source"},{"ancestorTitles":[],"duration":18,"failureDetails":[],"failureMessages":[],"fullName":"aucune écriture de jeton dans localStorage","invocations":1,"location":null,"numPassingAsserts":1,"retryReasons":[],"status":"passed","title":"aucune écriture de jeton dans localStorage"},{"ancestorTitles":[],"duration":18,"failureDetails":[],"failureMessages":[],"fullName":"aucun jeton n’est journalisé (console.* token)","invocations":1,"location":null,"numPassingAsserts":1,"retryReasons":[],"status":"passed","title":"aucun jeton n’est journalisé (console.* token)"}],"endTime":1780299453525,"message":"","name":"/home/runner/workspace/mobile/src/__tests__/no-token-leak.test.ts","startTime":1780299453123,"status":"passed","summary":""},{"assertionResults":[{"ancestorTitles":[],"duration":13,"failureDetails":[],"failureMessages":[],"fullName":"patient → /recommendations/mine (approuvées uniquement)","invocations":1,"location":null,"numPassingAsserts":1,"retryReasons":[],"status":"passed","title":"patient → /recommendations/mine (approuvées uniquement)"},{"ancestorTitles":[],"duration":24,"failureDetails":[],"failureMessages":[],"fullName":"clinicien → /recommendations (liste filtrable, pas /mine)","invocations":1,"location":null,"numPassingAsserts":3,"retryReasons":[],"status":"passed","title":"clinicien → /recommendations (liste filtrable, pas /mine)"},{"ancestorTitles":[],"duration":1,"failureDetails":[],"failureMessages":[],"fullName":"les actions clinicien ciblent les bons endpoints POST","invocations":1,"location":null,"numPassingAsserts":1,"retryReasons":[],"status":"passed","title":"les actions clinicien ciblent les bons endpoints POST"}],"endTime":1780299453986,"message":"","name":"/home/runner/workspace/mobile/src/__tests__/recommendations.rbac.test.ts","startTime":1780299453616,"status":"passed","summary":""},{"assertionResults":[{"ancestorTitles":[],"duration":2,"failureDetails":[],"failureMessages":[],"fullName":"stocke et relit les jetons en mémoire sur le web","invocations":1,"location":null,"numPassingAsserts":2,"retryReasons":[],"status":"passed","title":"stocke et relit les jetons en mémoire sur le web"},{"ancestorTitles":[],"duration":0,"failureDetails":[],"failureMessages":[],"fullName":"clearTokens efface les jetons","invocations":1,"location":null,"numPassingAsserts":2,"retryReasons":[],"status":"passed","title":"clearTokens efface les jetons"},{"ancestorTitles":[],"duration":0,"failureDetails":[],"failureMessages":[],"fullName":"expo-secure-store n’est JAMAIS appelé sur le web","invocations":1,"location":null,"numPassingAsserts":3,"retryReasons":[],"status":"passed","title":"expo-secure-store n’est JAMAIS appelé sur le web"},{"ancestorTitles":[],"duration":1,"failureDetails":[],"failureMessages":[],"fullName":"le stockage web est marqué non persistant","invocations":1,"location":null,"numPassingAsserts":1,"retryReasons":[],"status":"passed","title":"le stockage web est marqué non persistant"}],"endTime":1780299454423,"message":"","name":"/home/runner/workspace/mobile/src/__tests__/secureStore.web.test.ts","startTime":1780299454070,"status":"passed","summary":""},{"assertionResults":[{"ancestorTitles":["mapping des statuts HTTP → erreurs non techniques"],"duration":14,"failureDetails":[],"failureMessages":[],"fullName":"mapping des statuts HTTP → erreurs non techniques statut 400 → kind bad_request","invocations":1,"location":null,"numPassingAsserts":1,"retryReasons":[],"status":"passed","title":"statut 400 → kind bad_request"},{"ancestorTitles":["mapping des statuts HTTP → erreurs non techniques"],"duration":1,"failureDetails":[],"failureMessages":[],"fullName":"mapping des statuts HTTP → erreurs non techniques statut 403 → kind forbidden","invocations":1,"location":null,"numPassingAsserts":1,"retryReasons":[],"status":"passed","title":"statut 403 → kind forbidden"},{"ancestorTitles":["mapping des statuts HTTP → erreurs non techniques"],"duration":0,"failureDetails":[],"failureMessages":[],"fullName":"mapping des statuts HTTP → erreurs non techniques statut 404 → kind not_found","invocations":1,"location":null,"numPassingAsserts":1,"retryReasons":[],"status":"passed","title":"statut 404 → kind not_found"},{"ancestorTitles":["mapping des statuts HTTP → erreurs non techniques"],"duration":1,"failureDetails":[],"failureMessages":[],"fullName":"mapping des statuts HTTP → erreurs non techniques statut 409 → kind conflict","invocations":1,"location":null,"numPassingAsserts":1,"retryReasons":[],"status":"passed","title":"statut 409 → kind conflict"},{"ancestorTitles":["mapping des statuts HTTP → erreurs non techniques"],"duration":1,"failureDetails":[],"failureMessages":[],"fullName":"mapping des statuts HTTP → erreurs non techniques statut 422 → kind validation","invocations":1,"location":null,"numPassingAsserts":1,"retryReasons":[],"status":"passed","title":"statut 422 → kind validation"},{"ancestorTitles":["mapping des statuts HTTP → erreurs non techniques"],"duration":1,"failureDetails":[],"failureMessages":[],"fullName":"mapping des statuts HTTP → erreurs non techniques statut 429 → kind rate_limited","invocations":1,"location":null,"numPassingAsserts":1,"retryReasons":[],"status":"passed","title":"statut 429 → kind rate_limited"},{"ancestorTitles":["mapping des statuts HTTP → erreurs non techniques"],"duration":0,"failureDetails":[],"failureMessages":[],"fullName":"mapping des statuts HTTP → erreurs non techniques statut 503 → kind unavailable","invocations":1,"location":null,"numPassingAsserts":1,"retryReasons":[],"status":"passed","title":"statut 503 → kind unavailable"},{"ancestorTitles":["mapping des statuts HTTP → erreurs non techniques"],"duration":1,"failureDetails":[],"failureMessages":[],"fullName":"mapping des statuts HTTP → erreurs non techniques statut 500 → kind server","invocations":1,"location":null,"numPassingAsserts":1,"retryReasons":[],"status":"passed","title":"statut 500 → kind server"},{"ancestorTitles":[],"duration":1,"failureDetails":[],"failureMessages":[],"fullName":"erreur réseau → kind \"network\" avec un retry sur GET","invocations":1,"location":null,"numPassingAsserts":2,"retryReasons":[],"status":"passed","title":"erreur réseau → kind \"network\" avec un retry sur GET"},{"ancestorTitles":[],"duration":1,"failureDetails":[],"failureMessages":[],"fullName":"le jeton Bearer est injecté dans l’en-tête Authorization","invocations":1,"location":null,"numPassingAsserts":1,"retryReasons":[],"status":"passed","title":"le jeton Bearer est injecté dans l’en-tête Authorization"},{"ancestorTitles":[],"duration":2,"failureDetails":[],"failureMessages":[],"fullName":"401 → refresh réussi → la requête est rejouée et réussit","invocations":1,"location":null,"numPassingAsserts":3,"retryReasons":[],"status":"passed","title":"401 → refresh réussi → la requête est rejouée et réussit"},{"ancestorTitles":[],"duration":1,"failureDetails":[],"failureMessages":[],"fullName":"401 → refresh échoué → secrets effacés + handler appelé + erreur 401","invocations":1,"location":null,"numPassingAsserts":3,"retryReasons":[],"status":"passed","title":"401 → refresh échoué → secrets effacés + handler appelé + erreur 401"}],"endTime":1780299454910,"message":"","name":"/home/runner/workspace/mobile/src/__tests__/client.test.ts","startTime":1780299454554,"status":"passed","summary":""},{"assertionResults":[{"ancestorTitles":[],"duration":5,"failureDetails":[],"failureMessages":[],"fullName":"saveTokens écrit dans le coffre sécurisé natif","invocations":1,"location":null,"numPassingAsserts":3,"retryReasons":[],"status":"passed","title":"saveTokens écrit dans le coffre sécurisé natif"},{"ancestorTitles":[],"duration":2,"failureDetails":[],"failureMessages":[],"fullName":"clearTokens supprime les deux jetons du coffre","invocations":1,"location":null,"numPassingAsserts":2,"retryReasons":[],"status":"passed","title":"clearTokens supprime les deux jetons du coffre"},{"ancestorTitles":[],"duration":1,"failureDetails":[],"failureMessages":[],"fullName":"le stockage natif est marqué persistant","invocations":1,"location":null,"numPassingAsserts":1,"retryReasons":[],"status":"passed","title":"le stockage natif est marqué persistant"}],"endTime":1780299455273,"message":"","name":"/home/runner/workspace/mobile/src/__tests__/secureStore.native.test.ts","startTime":1780299454923,"status":"passed","summary":""}],"wasInterrupted":false}
